This file contains any messages produced by compilers while
running configure, to aid debugging if configure makes a mistake.

It was created by msg_producer configure 1.0.0, which was
generated by GNU Autoconf 2.69.  Invocation command line was

  $ ./configure 

## --------- ##
## Platform. ##
## --------- ##

hostname = localhost.localdomain
uname -m = x86_64
uname -r = 3.10.0-1160.11.1.el7.x86_64
uname -s = Linux
uname -v = #1 SMP Fri Dec 18 16:34:56 UTC 2020

/usr/bin/uname -p = x86_64
/bin/uname -X     = unknown

/bin/arch              = x86_64
/usr/bin/arch -k       = unknown
/usr/convex/getsysinfo = unknown
/usr/bin/hostinfo      = unknown
/bin/machine           = unknown
/usr/bin/oslevel       = unknown
/bin/universe          = unknown

PATH: /usr/local/redhawk/core/bin
PATH: /usr/local/bin
PATH: /usr/local/sbin
PATH: /usr/bin
PATH: /usr/sbin
PATH: /bin
PATH: /sbin
PATH: /home/cyient/.local/bin
PATH: /home/cyient/bin


## ----------- ##
## Core tests. ##
## ----------- ##

configure:2002: checking for a BSD-compatible install
configure:2070: result: /usr/bin/install -c
configure:2081: checking whether build environment is sane
configure:2136: result: yes
configure:2287: checking for a thread-safe mkdir -p
configure:2326: result: /usr/bin/mkdir -p
configure:2333: checking for gawk
configure:2349: found /usr/bin/gawk
configure:2360: result: gawk
configure:2371: checking whether make sets $(MAKE)
configure:2393: result: yes
configure:2422: checking whether make supports nested variables
configure:2439: result: yes
configure:2573: checking for gcc
configure:2589: found /usr/bin/gcc
configure:2600: result: gcc
configure:2829: checking for C compiler version
configure:2838: gcc --version >&5
gcc (GCC) 4.8.5 20150623 (Red Hat 4.8.5-44)
Copyright (C) 2015 Free Software Foundation, Inc.
This is free software; see the source for copying conditions.  There is NO
warranty; not even for MERCHANTABILITY or FITNESS FOR A PARTICULAR PURPOSE.

configure:2849: $? = 0
configure:2838: gcc -v >&5
Using built-in specs.
COLLECT_GCC=gcc
COLLECT_LTO_WRAPPER=/usr/libexec/gcc/x86_64-redhat-linux/4.8.5/lto-wrapper
Target: x86_64-redhat-linux
Configured with: ../configure --prefix=/usr --mandir=/usr/share/man --infodir=/usr/share/info --with-bugurl=http://bugzilla.redhat.com/bugzilla --enable-bootstrap --enable-shared --enable-threads=posix --enable-checking=release --with-system-zlib --enable-__cxa_atexit --disable-libunwind-exceptions --enable-gnu-unique-object --enable-linker-build-id --with-linker-hash-style=gnu --enable-languages=c,c++,objc,obj-c++,java,fortran,ada,go,lto --enable-plugin --enable-initfini-array --disable-libgcj --with-isl=/builddir/build/BUILD/gcc-4.8.5-20150702/obj-x86_64-redhat-linux/isl-install --with-cloog=/builddir/build/BUILD/gcc-4.8.5-20150702/obj-x86_64-redhat-linux/cloog-install --enable-gnu-indirect-function --with-tune=generic --with-arch_32=x86-64 --build=x86_64-redhat-linux
Thread model: posix
gcc version 4.8.5 20150623 (Red Hat 4.8.5-44) (GCC) 
configure:2849: $? = 0
configure:2838: gcc -V >&5
gcc: error: unrecognized command line option '-V'
gcc: fatal error: no input files
compilation terminated.
configure:2849: $? = 4
configure:2838: gcc -qversion >&5
gcc: error: unrecognized command line option '-qversion'
gcc: fatal error: no input files
compilation terminated.
configure:2849: $? = 4
configure:2869: checking whether the C compiler works
configure:2891: gcc    conftest.c  >&5
configure:2895: $? = 0
configure:2943: result: yes
configure:2946: checking for C compiler default output file name
configure:2948: result: a.out
configure:2954: checking for suffix of executables
configure:2961: gcc -o conftest    conftest.c  >&5
configure:2965: $? = 0
configure:2987: result: 
configure:3009: checking whether we are cross compiling
configure:3017: gcc -o conftest    conftest.c  >&5
configure:3021: $? = 0
configure:3028: ./conftest
configure:3032: $? = 0
configure:3047: result: no
configure:3052: checking for suffix of object files
configure:3074: gcc -c   conftest.c >&5
configure:3078: $? = 0
configure:3099: result: o
configure:3103: checking whether we are using the GNU C compiler
configure:3122: gcc -c   conftest.c >&5
configure:3122: $? = 0
configure:3131: result: yes
configure:3140: checking whether gcc accepts -g
configure:3160: gcc -c -g  conftest.c >&5
configure:3160: $? = 0
configure:3201: result: yes
configure:3218: checking for gcc option to accept ISO C89
configure:3281: gcc  -c -g -O2  conftest.c >&5
configure:3281: $? = 0
configure:3294: result: none needed
configure:3325: checking for style of include used by make
configure:3353: result: GNU
configure:3379: checking dependency style of gcc
configure:3490: result: gcc3
configure:3563: checking for g++
configure:3579: found /usr/bin/g++
configure:3590: result: g++
configure:3617: checking for C++ compiler version
configure:3626: g++ --version >&5
g++ (GCC) 4.8.5 20150623 (Red Hat 4.8.5-44)
Copyright (C) 2015 Free Software Foundation, Inc.
This is free software; see the source for copying conditions.  There is NO
warranty; not even for MERCHANTABILITY or FITNESS FOR A PARTICULAR PURPOSE.

configure:3637: $? = 0
configure:3626: g++ -v >&5
Using built-in specs.
COLLECT_GCC=g++
COLLECT_LTO_WRAPPER=/usr/libexec/gcc/x86_64-redhat-linux/4.8.5/lto-wrapper
Target: x86_64-redhat-linux
Configured with: ../configure --prefix=/usr --mandir=/usr/share/man --infodir=/usr/share/info --with-bugurl=http://bugzilla.redhat.com/bugzilla --enable-bootstrap --enable-shared --enable-threads=posix --enable-checking=release --with-system-zlib --enable-__cxa_atexit --disable-libunwind-exceptions --enable-gnu-unique-object --enable-linker-build-id --with-linker-hash-style=gnu --enable-languages=c,c++,objc,obj-c++,java,fortran,ada,go,lto --enable-plugin --enable-initfini-array --disable-libgcj --with-isl=/builddir/build/BUILD/gcc-4.8.5-20150702/obj-x86_64-redhat-linux/isl-install --with-cloog=/builddir/build/BUILD/gcc-4.8.5-20150702/obj-x86_64-redhat-linux/cloog-install --enable-gnu-indirect-function --with-tune=generic --with-arch_32=x86-64 --build=x86_64-redhat-linux
Thread model: posix
gcc version 4.8.5 20150623 (Red Hat 4.8.5-44) (GCC) 
configure:3637: $? = 0
configure:3626: g++ -V >&5
g++: error: unrecognized command line option '-V'
g++: fatal error: no input files
compilation terminated.
configure:3637: $? = 4
configure:3626: g++ -qversion >&5
g++: error: unrecognized command line option '-qversion'
g++: fatal error: no input files
compilation terminated.
configure:3637: $? = 4
configure:3641: checking whether we are using the GNU C++ compiler
configure:3660: g++ -c   conftest.cpp >&5
configure:3660: $? = 0
configure:3669: result: yes
configure:3678: checking whether g++ accepts -g
configure:3698: g++ -c -g  conftest.cpp >&5
configure:3698: $? = 0
configure:3739: result: yes
configure:3764: checking dependency style of g++
configure:3875: result: gcc3
configure:3941: checking for pkg-config
configure:3959: found /usr/bin/pkg-config
configure:3971: result: /usr/bin/pkg-config
configure:3996: checking pkg-config is at least version 0.9.0
configure:3999: result: yes
configure:4010: checking for omniORB4
configure:4016: $PKG_CONFIG --exists --print-errors "omniORB4 >= 4.0.0"
configure:4019: $? = 0
configure:4026: result: yes
configure:4067: checking for ossie home
configure:4097: result: /usr/local/redhawk/core
configure:4104: checking to see ossie is installed
configure:4114: checking for sdr root
configure:4137: result: /var/redhawk/sdr
configure:4153: using /var/redhawk/sdr/ as installation prefix
configure:4170: checking whether make supports nested variables
configure:4187: result: yes
configure:4202: checking for PROJECTDEPS
configure:4210: $PKG_CONFIG --exists --print-errors "ossie >= 2.2 omniORB4 >= 4.1.0"
configure:4213: $? = 0
configure:4228: $PKG_CONFIG --exists --print-errors "ossie >= 2.2 omniORB4 >= 4.1.0"
configure:4231: $? = 0
configure:4286: result: yes
configure:4299: checking for LOG4CXX
configure:4307: $PKG_CONFIG --exists --print-errors "liblog4cxx >= 0.10.0"
configure:4310: $? = 0
configure:4325: $PKG_CONFIG --exists --print-errors "liblog4cxx >= 0.10.0"
configure:4328: $? = 0
configure:4383: result: yes
configure:4414: checking build system type
configure:4428: result: x86_64-unknown-linux-gnu
configure:4448: checking host system type
configure:4461: result: x86_64-unknown-linux-gnu
configure:4530: checking for boostlib >= 1.41
configure:4591: g++ -c -g -O2    -I/usr/include conftest.cpp >&5
configure:4591: $? = 0
configure:4593: result: yes
configure:4808: checking whether the Boost::System library is available
configure:4832: g++ -c -g -O2    -I/usr/include conftest.cpp >&5
configure:4832: $? = 0
configure:4847: result: yes
configure:4862: checking for exit in -lboost_system
configure:4887: gcc -o conftest -g -O2    -I/usr/include  -L/usr/lib64 conftest.c -lboost_system   -llog4cxx   >&5
conftest.c:23:6: warning: conflicting types for built-in function 'exit' [enabled by default]
 char exit ();
      ^
configure:4887: $? = 0
configure:4897: result: yes
configure:5049: checking whether the Boost::Thread library is available
configure:5081: g++ -c -pthread -g -O2    -I/usr/include conftest.cpp >&5
configure:5081: $? = 0
configure:5096: result: yes
configure:5125: checking for exit in -lboost_thread
configure:5150: gcc -o conftest -g -O2    -I/usr/include  -L/usr/lib64 conftest.c -lboost_thread   -llog4cxx   >&5
conftest.c:24:6: warning: conflicting types for built-in function 'exit' [enabled by default]
 char exit ();
      ^
configure:5150: $? = 0
configure:5160: result: yes
configure:5319: checking whether the Boost::Regex library is available
configure:5342: g++ -c -g -O2    -pthread -I/usr/include conftest.cpp >&5
configure:5342: $? = 0
configure:5356: result: yes
configure:5367: checking for exit in -lboost_regex-mt
configure:5392: gcc -o conftest -g -O2    -pthread -I/usr/include  -L/usr/lib64 conftest.c -lboost_regex-mt   -llog4cxx   >&5
conftest.c:25:6: warning: conflicting types for built-in function 'exit' [enabled by default]
 char exit ();
      ^
configure:5392: $? = 0
configure:5402: result: yes
configure:5663: checking that generated files are newer than configure
configure:5669: result: done
configure:5696: creating ./config.status

## ---------------------- ##
## Running config.status. ##
## ---------------------- ##

This file was extended by msg_producer config.status 1.0.0, which was
generated by GNU Autoconf 2.69.  Invocation command line was

  CONFIG_FILES    = 
  CONFIG_HEADERS  = 
  CONFIG_LINKS    = 
  CONFIG_COMMANDS = 
  $ ./config.status 

on localhost.localdomain

config.status:803: creating Makefile
config.status:975: executing depfiles commands

## ---------------- ##
## Cache variables. ##
## ---------------- ##

ac_cv_build=x86_64-unknown-linux-gnu
ac_cv_c_compiler_gnu=yes
ac_cv_corba_omniorb4=yes
ac_cv_cxx_compiler_gnu=yes
ac_cv_env_CCC_set=
ac_cv_env_CCC_value=
ac_cv_env_CC_set=
ac_cv_env_CC_value=
ac_cv_env_CFLAGS_set=
ac_cv_env_CFLAGS_value=
ac_cv_env_CPPFLAGS_set=
ac_cv_env_CPPFLAGS_value=
ac_cv_env_CXXFLAGS_set=
ac_cv_env_CXXFLAGS_value=
ac_cv_env_CXX_set=
ac_cv_env_CXX_value=
ac_cv_env_LDFLAGS_set=
ac_cv_env_LDFLAGS_value=
ac_cv_env_LIBS_set=
ac_cv_env_LIBS_value=
ac_cv_env_LOG4CXX_CFLAGS_set=
ac_cv_env_LOG4CXX_CFLAGS_value=
ac_cv_env_LOG4CXX_LIBS_set=
ac_cv_env_LOG4CXX_LIBS_value=
ac_cv_env_PKG_CONFIG_set=
ac_cv_env_PKG_CONFIG_value=
ac_cv_env_PROJECTDEPS_CFLAGS_set=
ac_cv_env_PROJECTDEPS_CFLAGS_value=
ac_cv_env_PROJECTDEPS_LIBS_set=
ac_cv_env_PROJECTDEPS_LIBS_value=
ac_cv_env_build_alias_set=
ac_cv_env_build_alias_value=
ac_cv_env_host_alias_set=
ac_cv_env_host_alias_value=
ac_cv_env_target_alias_set=
ac_cv_env_target_alias_value=
ac_cv_host=x86_64-unknown-linux-gnu
ac_cv_lib_boost_regex_mt___exit=yes
ac_cv_lib_boost_system___exit=yes
ac_cv_lib_boost_thread___exit=yes
ac_cv_objext=o
ac_cv_path_ac_pt_PKG_CONFIG=/usr/bin/pkg-config
ac_cv_path_install='/usr/bin/install -c'
ac_cv_path_mkdir=/usr/bin/mkdir
ac_cv_prog_AWK=gawk
ac_cv_prog_ac_ct_CC=gcc
ac_cv_prog_ac_ct_CXX=g++
ac_cv_prog_cc_c89=
ac_cv_prog_cc_g=yes
ac_cv_prog_cxx_g=yes
ac_cv_prog_make_make_set=yes
am_cv_CC_dependencies_compiler_type=gcc3
am_cv_CXX_dependencies_compiler_type=gcc3
am_cv_make_support_nested_variables=yes
ax_cv_boost_regex=yes
ax_cv_boost_system=yes
ax_cv_boost_thread=yes
ossie_cv_ossie_home=/usr/local/redhawk/core
ossie_cv_sdr_root=/var/redhawk/sdr
pkg_cv_LOG4CXX_CFLAGS=' '
pkg_cv_LOG4CXX_LIBS='-llog4cxx  '
pkg_cv_PROJECTDEPS_CFLAGS='-D__x86_64__ -D__linux__ -D__OSVERSION__=2 -DENABLE_EVENTS=1 -I/usr/local/redhawk/core/include -I/usr/local/redhawk/core/include/ossie -I/usr/local/redhawk/core/share/idl  '
pkg_cv_PROJECTDEPS_LIBS='-L/usr/local/redhawk/core/lib64 -lossiecf -lossieidl -lCOS4 -lomniDynamic4 -lomniORB4 -lomnithread  '

## ----------------- ##
## Output variables. ##
## ----------------- ##

ACLOCAL='${SHELL} /home/cyient/workspace_punna/msg_producer/cpp/missing aclocal-1.13'
AMDEPBACKSLASH='\'
AMDEP_FALSE='#'
AMDEP_TRUE=''
AMTAR='$${TAR-tar}'
AM_BACKSLASH='\'
AM_DEFAULT_V='$(AM_DEFAULT_VERBOSITY)'
AM_DEFAULT_VERBOSITY='0'
AM_V='$(V)'
AUTOCONF='${SHELL} /home/cyient/workspace_punna/msg_producer/cpp/missing autoconf'
AUTOHEADER='${SHELL} /home/cyient/workspace_punna/msg_producer/cpp/missing autoheader'
AUTOMAKE='${SHELL} /home/cyient/workspace_punna/msg_producer/cpp/missing automake-1.13'
AWK='gawk'
BOOST_CPPFLAGS='-pthread -I/usr/include'
BOOST_LDFLAGS='-L/usr/lib64'
BOOST_REGEX_LIB='-lboost_regex-mt'
BOOST_SYSTEM_LIB='-lboost_system'
BOOST_THREAD_LIB='-lboost_thread'
CC='gcc'
CCDEPMODE='depmode=gcc3'
CFLAGS='-g -O2'
CORBA_ORB='omniORB4'
CPPFLAGS='  '
CXX='g++'
CXXDEPMODE='depmode=gcc3'
CXXFLAGS='-g -O2'
CYGPATH_W='echo'
DEFS='-DPACKAGE_NAME=\"msg_producer\" -DPACKAGE_TARNAME=\"msg_producer\" -DPACKAGE_VERSION=\"1.0.0\" -DPACKAGE_STRING=\"msg_producer\ 1.0.0\" -DPACKAGE_BUGREPORT=\"\" -DPACKAGE_URL=\"\" -DPACKAGE=\"msg_producer\" -DVERSION=\"1.0.0\" -DHAVE_OMNIORB4=1 -DHAVE_LOG4CXX=1 -DRH_LOGGER=1 -DHAVE_BOOST=1 -DHAVE_BOOST_SYSTEM=1 -DHAVE_BOOST_THREAD=1 -DHAVE_BOOST_REGEX=1'
DEPDIR='.deps'
ECHO_C=''
ECHO_N='-n'
ECHO_T=''
EXEEXT=''
HAVE_LOG4CXX='-DHAVE_LOG4CXX=1'
INSTALL_DATA='${INSTALL} -m 644'
INSTALL_PROGRAM='${INSTALL}'
INSTALL_SCRIPT='${INSTALL}'
INSTALL_STRIP_PROGRAM='$(install_sh) -c -s'
LDFLAGS=''
LIBOBJS=''
LIBS=' -llog4cxx  '
LOG4CXX_CFLAGS=' '
LOG4CXX_LIBS='-llog4cxx  '
LTLIBOBJS=''
MAKEINFO='${SHELL} /home/cyient/workspace_punna/msg_producer/cpp/missing makeinfo'
MKDIR_P='/usr/bin/mkdir -p'
OBJEXT='o'
OSSIE_HOME='/usr/local/redhawk/core'
PACKAGE='msg_producer'
PACKAGE_BUGREPORT=''
PACKAGE_NAME='msg_producer'
PACKAGE_STRING='msg_producer 1.0.0'
PACKAGE_TARNAME='msg_producer'
PACKAGE_URL=''
PACKAGE_VERSION='1.0.0'
PATH_SEPARATOR=':'
PKG_CONFIG='/usr/bin/pkg-config'
PROJECTDEPS_CFLAGS='-D__x86_64__ -D__linux__ -D__OSVERSION__=2 -DENABLE_EVENTS=1 -I/usr/local/redhawk/core/include -I/usr/local/redhawk/core/include/ossie -I/usr/local/redhawk/core/share/idl  '
PROJECTDEPS_LIBS='-L/usr/local/redhawk/core/lib64 -lossiecf -lossieidl -lCOS4 -lomniDynamic4 -lomniORB4 -lomnithread  '
SDR_ROOT='/var/redhawk/sdr'
SET_MAKE=''
SHELL='/bin/sh'
STRIP=''
VERSION='1.0.0'
WITH_LOG4CXX='yes'
ac_ct_CC='gcc'
ac_ct_CXX='g++'
am__EXEEXT_FALSE=''
am__EXEEXT_TRUE='#'
am__fastdepCC_FALSE='#'
am__fastdepCC_TRUE=''
am__fastdepCXX_FALSE='#'
am__fastdepCXX_TRUE=''
am__include='include'
am__isrc=''
am__leading_dot='.'
am__nodep='_no'
am__quote=''
am__tar='$${TAR-tar} chof - "$$tardir"'
am__untar='$${TAR-tar} xf -'
bindir='${exec_prefix}/bin'
build='x86_64-unknown-linux-gnu'
build_alias=''
build_cpu='x86_64'
build_os='linux-gnu'
build_vendor='unknown'
datadir='${datarootdir}'
datarootdir='${prefix}/share'
docdir='${datarootdir}/doc/${PACKAGE_TARNAME}'
dvidir='${docdir}'
exec_prefix='${prefix}'
host='x86_64-unknown-linux-gnu'
host_alias=''
host_cpu='x86_64'
host_os='linux-gnu'
host_vendor='unknown'
htmldir='${docdir}'
includedir='${prefix}/include'
infodir='${datarootdir}/info'
install_sh='${SHELL} /home/cyient/workspace_punna/msg_producer/cpp/install-sh'
libdir='${exec_prefix}/lib'
libexecdir='${exec_prefix}/libexec'
localedir='${datarootdir}/locale'
localstatedir='${prefix}/var'
mandir='${datarootdir}/man'
mkdir_p='$(MKDIR_P)'
oldincludedir='/usr/include'
pdfdir='${docdir}'
prefix='/var/redhawk/sdr/'
program_transform_name='s,x,x,'
psdir='${docdir}'
sbindir='${exec_prefix}/sbin'
sharedstatedir='${prefix}/com'
sysconfdir='${prefix}/etc'
target_alias=''

## ----------- ##
## confdefs.h. ##
## ----------- ##

/* confdefs.h */
#define PACKAGE_NAME "msg_producer"
#define PACKAGE_TARNAME "msg_producer"
#define PACKAGE_VERSION "1.0.0"
#define PACKAGE_STRING "msg_producer 1.0.0"
#define PACKAGE_BUGREPORT ""
#define PACKAGE_URL ""
#define PACKAGE "msg_producer"
#define VERSION "1.0.0"
#define HAVE_OMNIORB4 1
#define HAVE_LOG4CXX 1
#define RH_LOGGER 1
#define HAVE_BOOST 1
#define HAVE_BOOST_SYSTEM 1
#define HAVE_BOOST_THREAD 1
#define HAVE_BOOST_REGEX 1

configure: exit 0
